<?xml version="1.0" encoding="UTF-8"?>
<testsuite xmlns:xsi="http://www.w3.org/2001/XMLSchema-instance" xsi:noNamespaceSchemaLocation="https://maven.apache.org/surefire/maven-surefire-plugin/xsd/surefire-test-report.xsd" name="com.succedant.rest.json.customerResourcesTest" time="18.153" tests="1" errors="1" skipped="0" failures="0">
  <properties>
    <property name="gopherProxySet" value="false"/>
    <property name="awt.toolkit" value="sun.lwawt.macosx.LWCToolkit"/>
    <property name="file.encoding.pkg" value="sun.io"/>
    <property name="java.specification.version" value="1.8"/>
    <property name="sun.cpu.isalist" value=""/>
    <property name="sun.jnu.encoding" value="UTF-8"/>
    <property name="java.class.path" value="/Users/israellozano/eclipse-workspace/serp-app/target/test-classes:/Users/israellozano/eclipse-workspace/serp-app/target/classes:/Users/israellozano/.m2/repository/io/quarkus/quarkus-resteasy/0.16.1/quarkus-resteasy-0.16.1.jar:/Users/israellozano/.m2/repository/io/quarkus/quarkus-undertow/0.16.1/quarkus-undertow-0.16.1.jar:/Users/israellozano/.m2/repository/io/undertow/undertow-servlet/2.0.19.Final/undertow-servlet-2.0.19.Final.jar:/Users/israellozano/.m2/repository/io/undertow/undertow-core/2.0.19.Final/undertow-core-2.0.19.Final.jar:/Users/israellozano/.m2/repository/org/jboss/spec/javax/servlet/jboss-servlet-api_4.0_spec/1.0.0.Final/jboss-servlet-api_4.0_spec-1.0.0.Final.jar:/Users/israellozano/.m2/repository/org/jboss/xnio/xnio-nio/3.7.1.Final/xnio-nio-3.7.1.Final.jar:/Users/israellozano/.m2/repository/org/jboss/xnio/xnio-api/3.7.1.Final/xnio-api-3.7.1.Final.jar:/Users/israellozano/.m2/repository/io/quarkus/quarkus-resteasy-server-common/0.16.1/quarkus-resteasy-server-common-0.16.1.jar:/Users/israellozano/.m2/repository/io/quarkus/quarkus-resteasy-common/0.16.1/quarkus-resteasy-common-0.16.1.jar:/Users/israellozano/.m2/repository/org/jboss/resteasy/resteasy-core/4.0.0.Final/resteasy-core-4.0.0.Final.jar:/Users/israellozano/.m2/repository/org/jboss/spec/javax/ws/rs/jboss-jaxrs-api_2.1_spec/1.0.2.Final/jboss-jaxrs-api_2.1_spec-1.0.2.Final.jar:/Users/israellozano/.m2/repository/org/jboss/spec/javax/xml/bind/jboss-jaxb-api_2.3_spec/1.0.1.Final/jboss-jaxb-api_2.3_spec-1.0.1.Final.jar:/Users/israellozano/.m2/repository/org/jboss/resteasy/resteasy-core-spi/4.0.0.Final/resteasy-core-spi-4.0.0.Final.jar:/Users/israellozano/.m2/repository/org/reactivestreams/reactive-streams/1.0.2/reactive-streams-1.0.2.jar:/Users/israellozano/.m2/repository/org/jboss/resteasy/resteasy-context-propagation/4.0.0.Final/resteasy-context-propagation-4.0.0.Final.jar:/Users/israellozano/.m2/repository/io/smallrye/smallrye-context-propagation/1.0.7/smallrye-context-propagation-1.0.7.jar:/Users/israellozano/.m2/repository/io/smallrye/smallrye-context-propagation-api/1.0.7/smallrye-context-propagation-api-1.0.7.jar:/Users/israellozano/.m2/repository/com/sun/activation/jakarta.activation/1.2.1/jakarta.activation-1.2.1.jar:/Users/israellozano/.m2/repository/javax/validation/validation-api/2.0.1.Final/validation-api-2.0.1.Final.jar:/Users/israellozano/.m2/repository/io/quarkus/quarkus-jaxb/0.16.1/quarkus-jaxb-0.16.1.jar:/Users/israellozano/.m2/repository/io/quarkus/quarkus-junit5/0.16.1/quarkus-junit5-0.16.1.jar:/Users/israellozano/.m2/repository/io/quarkus/quarkus-bootstrap-core/0.16.1/quarkus-bootstrap-core-0.16.1.jar:/Users/israellozano/.m2/repository/org/apache/maven/maven-embedder/3.5.4/maven-embedder-3.5.4.jar:/Users/israellozano/.m2/repository/org/apache/maven/maven-settings/3.5.4/maven-settings-3.5.4.jar:/Users/israellozano/.m2/repository/org/apache/maven/maven-core/3.5.4/maven-core-3.5.4.jar:/Users/israellozano/.m2/repository/org/apache/maven/maven-artifact/3.5.4/maven-artifact-3.5.4.jar:/Users/israellozano/.m2/repository/org/eclipse/sisu/org.eclipse.sisu.inject/0.3.3/org.eclipse.sisu.inject-0.3.3.jar:/Users/israellozano/.m2/repository/org/apache/maven/maven-plugin-api/3.5.4/maven-plugin-api-3.5.4.jar:/Users/israellozano/.m2/repository/org/apache/maven/maven-model/3.5.4/maven-model-3.5.4.jar:/Users/israellozano/.m2/repository/org/apache/maven/maven-model-builder/3.5.4/maven-model-builder-3.5.4.jar:/Users/israellozano/.m2/repository/org/apache/maven/maven-builder-support/3.5.4/maven-builder-support-3.5.4.jar:/Users/israellozano/.m2/repository/org/apache/maven/resolver/maven-resolver-api/1.1.1/maven-resolver-api-1.1.1.jar:/Users/israellozano/.m2/repository/org/apache/maven/resolver/maven-resolver-util/1.1.1/maven-resolver-util-1.1.1.jar:/Users/israellozano/.m2/repository/org/apache/maven/shared/maven-shared-utils/3.2.1/maven-shared-utils-3.2.1.jar:/Users/israellozano/.m2/repository/com/google/inject/guice/4.2.0/guice-4.2.0-no_aop.jar:/Users/israellozano/.m2/repository/aopalliance/aopalliance/1.0/aopalliance-1.0.jar:/Users/israellozano/.m2/repository/com/google/guava/guava/27.0.1-jre/guava-27.0.1-jre.jar:/Users/israellozano/.m2/repository/com/google/guava/failureaccess/1.0.1/failureaccess-1.0.1.jar:/Users/israellozano/.m2/repository/com/google/guava/listenablefuture/9999.0-empty-to-avoid-conflict-with-guava/listenablefuture-9999.0-empty-to-avoid-conflict-with-guava.jar:/Users/israellozano/.m2/repository/com/google/code/findbugs/jsr305/3.0.2/jsr305-3.0.2.jar:/Users/israellozano/.m2/repository/org/checkerframework/checker-qual/2.5.2/checker-qual-2.5.2.jar:/Users/israellozano/.m2/repository/com/google/errorprone/error_prone_annotations/2.2.0/error_prone_annotations-2.2.0.jar:/Users/israellozano/.m2/repository/com/google/j2objc/j2objc-annotations/1.1/j2objc-annotations-1.1.jar:/Users/israellozano/.m2/repository/org/codehaus/mojo/animal-sniffer-annotations/1.17/animal-sniffer-annotations-1.17.jar:/Users/israellozano/.m2/repository/javax/annotation/jsr250-api/1.0/jsr250-api-1.0.jar:/Users/israellozano/.m2/repository/org/codehaus/plexus/plexus-utils/3.0.24/plexus-utils-3.0.24.jar:/Users/israellozano/.m2/repository/org/codehaus/plexus/plexus-classworlds/2.5.2/plexus-classworlds-2.5.2.jar:/Users/israellozano/.m2/repository/org/eclipse/sisu/org.eclipse.sisu.plexus/0.3.3/org.eclipse.sisu.plexus-0.3.3.jar:/Users/israellozano/.m2/repository/org/codehaus/plexus/plexus-component-annotations/1.7.1/plexus-component-annotations-1.7.1.jar:/Users/israellozano/.m2/repository/commons-cli/commons-cli/1.4/commons-cli-1.4.jar:/Users/israellozano/.m2/repository/org/apache/maven/maven-settings-builder/3.5.4/maven-settings-builder-3.5.4.jar:/Users/israellozano/.m2/repository/org/codehaus/plexus/plexus-interpolation/1.24/plexus-interpolation-1.24.jar:/Users/israellozano/.m2/repository/org/sonatype/plexus/plexus-sec-dispatcher/1.4/plexus-sec-dispatcher-1.4.jar:/Users/israellozano/.m2/repository/org/sonatype/plexus/plexus-cipher/1.4/plexus-cipher-1.4.jar:/Users/israellozano/.m2/repository/org/apache/maven/maven-resolver-provider/3.5.4/maven-resolver-provider-3.5.4.jar:/Users/israellozano/.m2/repository/org/apache/maven/maven-repository-metadata/3.5.4/maven-repository-metadata-3.5.4.jar:/Users/israellozano/.m2/repository/org/apache/maven/resolver/maven-resolver-spi/1.1.1/maven-resolver-spi-1.1.1.jar:/Users/israellozano/.m2/repository/org/apache/maven/resolver/maven-resolver-impl/1.1.1/maven-resolver-impl-1.1.1.jar:/Users/israellozano/.m2/repository/org/apache/maven/resolver/maven-resolver-connector-basic/1.1.1/maven-resolver-connector-basic-1.1.1.jar:/Users/israellozano/.m2/repository/org/apache/maven/resolver/maven-resolver-transport-file/1.1.1/maven-resolver-transport-file-1.1.1.jar:/Users/israellozano/.m2/repository/org/apache/maven/resolver/maven-resolver-transport-http/1.1.1/maven-resolver-transport-http-1.1.1.jar:/Users/israellozano/.m2/repository/org/slf4j/jcl-over-slf4j/1.7.25/jcl-over-slf4j-1.7.25.jar:/Users/israellozano/.m2/repository/org/jboss/logging/jboss-logging/3.3.2.Final/jboss-logging-3.3.2.Final.jar:/Users/israellozano/.m2/repository/io/quarkus/quarkus-test-common/0.16.1/quarkus-test-common-0.16.1.jar:/Users/israellozano/.m2/repository/io/quarkus/quarkus-core-deployment/0.16.1/quarkus-core-deployment-0.16.1.jar:/Users/israellozano/.m2/repository/commons-beanutils/commons-beanutils/1.9.3/commons-beanutils-1.9.3.jar:/Users/israellozano/.m2/repository/commons-collections/commons-collections/3.2.2/commons-collections-3.2.2.jar:/Users/israellozano/.m2/repository/org/jboss/invocation/jboss-invocation/1.5.2.Final/jboss-invocation-1.5.2.Final.jar:/Users/israellozano/.m2/repository/org/jboss/classfilewriter/jboss-classfilewriter/1.2.4.Final/jboss-classfilewriter-1.2.4.Final.jar:/Users/israellozano/.m2/repository/io/quarkus/gizmo/gizmo/1.0.0.Alpha4/gizmo-1.0.0.Alpha4.jar:/Users/israellozano/.m2/repository/org/ow2/asm/asm-util/7.1/asm-util-7.1.jar:/Users/israellozano/.m2/repository/org/ow2/asm/asm-tree/7.1/asm-tree-7.1.jar:/Users/israellozano/.m2/repository/org/ow2/asm/asm-analysis/7.1/asm-analysis-7.1.jar:/Users/israellozano/.m2/repository/org/ow2/asm/asm/7.1/asm-7.1.jar:/Users/israellozano/.m2/repository/io/quarkus/quarkus-builder/0.16.1/quarkus-builder-0.16.1.jar:/Users/israellozano/.m2/repository/io/quarkus/quarkus-jsonp-deployment/0.16.1/quarkus-jsonp-deployment-0.16.1.jar:/Users/israellozano/.m2/repository/org/jboss/jandex/2.1.1.Final/jandex-2.1.1.Final.jar:/Users/israellozano/.m2/repository/org/junit/jupiter/junit-jupiter-api/5.4.2/junit-jupiter-api-5.4.2.jar:/Users/israellozano/.m2/repository/org/apiguardian/apiguardian-api/1.0.0/apiguardian-api-1.0.0.jar:/Users/israellozano/.m2/repository/org/opentest4j/opentest4j/1.1.1/opentest4j-1.1.1.jar:/Users/israellozano/.m2/repository/org/junit/platform/junit-platform-commons/1.4.2/junit-platform-commons-1.4.2.jar:/Users/israellozano/.m2/repository/org/junit/jupiter/junit-jupiter-params/5.4.2/junit-jupiter-params-5.4.2.jar:/Users/israellozano/.m2/repository/org/junit/jupiter/junit-jupiter-engine/5.4.2/junit-jupiter-engine-5.4.2.jar:/Users/israellozano/.m2/repository/org/junit/platform/junit-platform-engine/1.4.2/junit-platform-engine-1.4.2.jar:/Users/israellozano/.m2/repository/io/quarkus/quarkus-core/0.16.1/quarkus-core-0.16.1.jar:/Users/israellozano/.m2/repository/javax/inject/javax.inject/1/javax.inject-1.jar:/Users/israellozano/.m2/repository/javax/annotation/javax.annotation-api/1.3.2/javax.annotation-api-1.3.2.jar:/Users/israellozano/.m2/repository/io/smallrye/smallrye-config/1.3.5/smallrye-config-1.3.5.jar:/Users/israellozano/.m2/repository/org/eclipse/microprofile/config/microprofile-config-api/1.3/microprofile-config-api-1.3.jar:/Users/israellozano/.m2/repository/org/osgi/org.osgi.annotation.versioning/1.0.0/org.osgi.annotation.versioning-1.0.0.jar:/Users/israellozano/.m2/repository/javax/enterprise/cdi-api/2.0.SP1/cdi-api-2.0.SP1.jar:/Users/israellozano/.m2/repository/javax/el/javax.el-api/3.0.0/javax.el-api-3.0.0.jar:/Users/israellozano/.m2/repository/javax/interceptor/javax.interceptor-api/1.2/javax.interceptor-api-1.2.jar:/Users/israellozano/.m2/repository/org/jboss/logmanager/jboss-logmanager-embedded/1.0.3/jboss-logmanager-embedded-1.0.3.jar:/Users/israellozano/.m2/repository/org/jboss/logging/jboss-logging-annotations/2.1.0.Final/jboss-logging-annotations-2.1.0.Final.jar:/Users/israellozano/.m2/repository/org/jboss/threads/jboss-threads/3.0.0.Beta4/jboss-threads-3.0.0.Beta4.jar:/Users/israellozano/.m2/repository/org/slf4j/slf4j-api/1.7.25/slf4j-api-1.7.25.jar:/Users/israellozano/.m2/repository/org/jboss/slf4j/slf4j-jboss-logging/1.1.0.Final/slf4j-jboss-logging-1.1.0.Final.jar:/Users/israellozano/.m2/repository/org/graalvm/sdk/graal-sdk/1.0.0-rc16/graal-sdk-1.0.0-rc16.jar:/Users/israellozano/.m2/repository/org/wildfly/common/wildfly-common/1.5.0.Final-format-001/wildfly-common-1.5.0.Final-format-001.jar:/Users/israellozano/.m2/repository/org/wildfly/security/wildfly-elytron-ssl/2.0.0.Alpha4/wildfly-elytron-ssl-2.0.0.Alpha4.jar:/Users/israellozano/.m2/repository/org/wildfly/security/wildfly-elytron-auth-server/2.0.0.Alpha4/wildfly-elytron-auth-server-2.0.0.Alpha4.jar:/Users/israellozano/.m2/repository/org/wildfly/security/wildfly-elytron-permission/2.0.0.Alpha4/wildfly-elytron-permission-2.0.0.Alpha4.jar:/Users/israellozano/.m2/repository/org/wildfly/security/wildfly-elytron-base/2.0.0.Alpha4/wildfly-elytron-base-2.0.0.Alpha4.jar:/Users/israellozano/.m2/repository/org/wildfly/security/wildfly-elytron-credential/2.0.0.Alpha4/wildfly-elytron-credential-2.0.0.Alpha4.jar:/Users/israellozano/.m2/repository/org/wildfly/security/wildfly-elytron-keystore/2.0.0.Alpha4/wildfly-elytron-keystore-2.0.0.Alpha4.jar:/Users/israellozano/.m2/repository/org/wildfly/security/wildfly-elytron-provider-util/2.0.0.Alpha4/wildfly-elytron-provider-util-2.0.0.Alpha4.jar:/Users/israellozano/.m2/repository/org/wildfly/security/wildfly-elytron-auth/2.0.0.Alpha4/wildfly-elytron-auth-2.0.0.Alpha4.jar:/Users/israellozano/.m2/repository/org/wildfly/security/wildfly-elytron-util/2.0.0.Alpha4/wildfly-elytron-util-2.0.0.Alpha4.jar:/Users/israellozano/.m2/repository/org/wildfly/security/wildfly-elytron-x500/2.0.0.Alpha4/wildfly-elytron-x500-2.0.0.Alpha4.jar:/Users/israellozano/.m2/repository/org/wildfly/security/wildfly-elytron-x500-cert/2.0.0.Alpha4/wildfly-elytron-x500-cert-2.0.0.Alpha4.jar:/Users/israellozano/.m2/repository/org/wildfly/security/wildfly-elytron-asn1/2.0.0.Alpha4/wildfly-elytron-asn1-2.0.0.Alpha4.jar:/Users/israellozano/.m2/repository/org/wildfly/security/wildfly-elytron-x500-cert-util/2.0.0.Alpha4/wildfly-elytron-x500-cert-util-2.0.0.Alpha4.jar:/Users/israellozano/.m2/repository/io/rest-assured/rest-assured/3.3.0/rest-assured-3.3.0.jar:/Users/israellozano/.m2/repository/org/codehaus/groovy/groovy/2.4.15/groovy-2.4.15.jar:/Users/israellozano/.m2/repository/org/codehaus/groovy/groovy-xml/2.4.15/groovy-xml-2.4.15.jar:/Users/israellozano/.m2/repository/org/apache/httpcomponents/httpclient/4.5.7/httpclient-4.5.7.jar:/Users/israellozano/.m2/repository/org/apache/httpcomponents/httpcore/4.4.11/httpcore-4.4.11.jar:/Users/israellozano/.m2/repository/commons-logging/commons-logging/1.2/commons-logging-1.2.jar:/Users/israellozano/.m2/repository/commons-codec/commons-codec/1.11/commons-codec-1.11.jar:/Users/israellozano/.m2/repository/org/apache/httpcomponents/httpmime/4.5.3/httpmime-4.5.3.jar:/Users/israellozano/.m2/repository/org/hamcrest/hamcrest-core/1.3/hamcrest-core-1.3.jar:/Users/israellozano/.m2/repository/org/hamcrest/hamcrest-library/1.3/hamcrest-library-1.3.jar:/Users/israellozano/.m2/repository/org/ccil/cowan/tagsoup/tagsoup/1.2.1/tagsoup-1.2.1.jar:/Users/israellozano/.m2/repository/io/rest-assured/json-path/3.3.0/json-path-3.3.0.jar:/Users/israellozano/.m2/repository/org/codehaus/groovy/groovy-json/2.4.15/groovy-json-2.4.15.jar:/Users/israellozano/.m2/repository/io/rest-assured/rest-assured-common/3.3.0/rest-assured-common-3.3.0.jar:/Users/israellozano/.m2/repository/io/rest-assured/xml-path/3.3.0/xml-path-3.3.0.jar:/Users/israellozano/.m2/repository/org/apache/commons/commons-lang3/3.8.1/commons-lang3-3.8.1.jar:/Users/israellozano/.m2/repository/javax/xml/bind/jaxb-api/2.3.1/jaxb-api-2.3.1.jar:/Users/israellozano/.m2/repository/org/apache/sling/org.apache.sling.javax.activation/0.1.0/org.apache.sling.javax.activation-0.1.0.jar:/Users/israellozano/.m2/repository/io/quarkus/quarkus-resteasy-jsonb/0.16.1/quarkus-resteasy-jsonb-0.16.1.jar:/Users/israellozano/.m2/repository/io/quarkus/quarkus-jsonb/0.16.1/quarkus-jsonb-0.16.1.jar:/Users/israellozano/.m2/repository/org/eclipse/yasson/1.0.3/yasson-1.0.3.jar:/Users/israellozano/.m2/repository/javax/json/bind/javax.json.bind-api/1.0/javax.json.bind-api-1.0.jar:/Users/israellozano/.m2/repository/io/quarkus/quarkus-jsonp/0.16.1/quarkus-jsonp-0.16.1.jar:/Users/israellozano/.m2/repository/org/jboss/resteasy/resteasy-json-binding-provider/4.0.0.Final/resteasy-json-binding-provider-4.0.0.Final.jar:/Users/israellozano/.m2/repository/org/glassfish/javax.json/1.1.4/javax.json-1.1.4.jar:/Users/israellozano/.m2/repository/org/jboss/resteasy/resteasy-json-p-provider/4.0.0.Final/resteasy-json-p-provider-4.0.0.Final.jar:/Users/israellozano/.m2/repository/commons-io/commons-io/2.5/commons-io-2.5.jar:/Users/israellozano/.m2/repository/io/quarkus/quarkus-hibernate-orm-panache/0.16.1/quarkus-hibernate-orm-panache-0.16.1.jar:/Users/israellozano/.m2/repository/io/quarkus/quarkus-hibernate-orm/0.16.1/quarkus-hibernate-orm-0.16.1.jar:/Users/israellozano/.m2/repository/io/quarkus/quarkus-agroal/0.16.1/quarkus-agroal-0.16.1.jar:/Users/israellozano/.m2/repository/org/jboss/narayana/jta/narayana-jta/5.9.3.Final/narayana-jta-5.9.3.Final.jar:/Users/israellozano/.m2/repository/org/jboss/jboss-transaction-spi/7.6.0.Final/jboss-transaction-spi-7.6.0.Final.jar:/Users/israellozano/.m2/repository/org/jboss/spec/javax/resource/jboss-connector-api_1.7_spec/1.0.0.Final/jboss-connector-api_1.7_spec-1.0.0.Final.jar:/Users/israellozano/.m2/repository/org/jboss/narayana/jts/narayana-jts-integration/5.9.3.Final/narayana-jts-integration-5.9.3.Final.jar:/Users/israellozano/.m2/repository/org/jboss/spec/javax/transaction/jboss-transaction-api_1.2_spec/1.1.1.Final/jboss-transaction-api_1.2_spec-1.1.1.Final.jar:/Users/israellozano/.m2/repository/io/agroal/agroal-api/1.5/agroal-api-1.5.jar:/Users/israellozano/.m2/repository/io/agroal/agroal-narayana/1.5/agroal-narayana-1.5.jar:/Users/israellozano/.m2/repository/io/agroal/agroal-pool/1.5/agroal-pool-1.5.jar:/Users/israellozano/.m2/repository/io/quarkus/quarkus-narayana-jta/0.16.1/quarkus-narayana-jta-0.16.1.jar:/Users/israellozano/.m2/repository/io/smallrye/reactive/smallrye-reactive-streams-operators/1.0.4/smallrye-reactive-streams-operators-1.0.4.jar:/Users/israellozano/.m2/repository/org/eclipse/microprofile/reactive-streams-operators/microprofile-reactive-streams-operators-api/1.0/microprofile-reactive-streams-operators-api-1.0.jar:/Users/israellozano/.m2/repository/org/eclipse/microprofile/reactive-streams-operators/microprofile-reactive-streams-operators-core/1.0/microprofile-reactive-streams-operators-core-1.0.jar:/Users/israellozano/.m2/repository/io/reactivex/rxjava2/rxjava/2.2.8/rxjava-2.2.8.jar:/Users/israellozano/.m2/repository/io/smallrye/smallrye-context-propagation-jta/1.0.7/smallrye-context-propagation-jta-1.0.7.jar:/Users/israellozano/.m2/repository/javax/transaction/javax.transaction-api/1.2/javax.transaction-api-1.2.jar:/Users/israellozano/.m2/repository/io/smallrye/reactive/smallrye-reactive-converter-api/1.0.4/smallrye-reactive-converter-api-1.0.4.jar:/Users/israellozano/.m2/repository/org/hibernate/hibernate-core/5.4.3.Final/hibernate-core-5.4.3.Final.jar:/Users/israellozano/.m2/repository/javax/persistence/javax.persistence-api/2.2/javax.persistence-api-2.2.jar:/Users/israellozano/.m2/repository/net/bytebuddy/byte-buddy/1.9.10/byte-buddy-1.9.10.jar:/Users/israellozano/.m2/repository/antlr/antlr/2.7.7/antlr-2.7.7.jar:/Users/israellozano/.m2/repository/com/fasterxml/classmate/1.3.4/classmate-1.3.4.jar:/Users/israellozano/.m2/repository/org/dom4j/dom4j/2.1.1/dom4j-2.1.1.jar:/Users/israellozano/.m2/repository/org/hibernate/common/hibernate-commons-annotations/5.1.0.Final/hibernate-commons-annotations-5.1.0.Final.jar:/Users/israellozano/.m2/repository/org/hibernate/quarkus-local-cache/0.1.0/quarkus-local-cache-0.1.0.jar:/Users/israellozano/.m2/repository/com/github/ben-manes/caffeine/caffeine/2.6.2/caffeine-2.6.2.jar:/Users/israellozano/.m2/repository/io/quarkus/quarkus-caffeine/0.16.1/quarkus-caffeine-0.16.1.jar:/Users/israellozano/.m2/repository/io/quarkus/quarkus-arc/0.16.1/quarkus-arc-0.16.1.jar:/Users/israellozano/.m2/repository/io/quarkus/arc/arc/0.16.1/arc-0.16.1.jar:/Users/israellozano/.m2/repository/org/eclipse/microprofile/context-propagation/microprofile-context-propagation-api/1.0-RC1/microprofile-context-propagation-api-1.0-RC1.jar:/Users/israellozano/.m2/repository/io/quarkus/quarkus-panache-common/0.16.1/quarkus-panache-common-0.16.1.jar:/Users/israellozano/.m2/repository/io/quarkus/quarkus-jdbc-postgresql/0.16.1/quarkus-jdbc-postgresql-0.16.1.jar:/Users/israellozano/.m2/repository/org/postgresql/postgresql/42.2.5/postgresql-42.2.5.jar:"/>
    <property name="java.vm.vendor" value="Oracle Corporation"/>
    <property name="sun.arch.data.model" value="64"/>
    <property name="java.vendor.url" value="http://java.oracle.com/"/>
    <property name="user.timezone" value=""/>
    <property name="java.vm.specification.version" value="1.8"/>
    <property name="os.name" value="Mac OS X"/>
    <property name="sun.java.launcher" value="SUN_STANDARD"/>
    <property name="user.country" value="MX"/>
    <property name="sun.boot.library.path" value="/Library/Java/JavaVirtualMachines/graalvm-ce-19.0.0/Contents/Home/jre/lib"/>
    <property name="sun.java.command" value="/Users/israellozano/eclipse-workspace/serp-app/target/surefire/surefirebooter2618512714165607394.jar /Users/israellozano/eclipse-workspace/serp-app/target/surefire 2019-06-13T12-04-31_045-jvmRun1 surefire1248133568172483345tmp surefire_09179716064242386457tmp"/>
    <property name="http.nonProxyHosts" value="local|*.local|169.254/16|*.169.254/16"/>
    <property name="surefire.test.class.path" value="/Users/israellozano/eclipse-workspace/serp-app/target/test-classes:/Users/israellozano/eclipse-workspace/serp-app/target/classes:/Users/israellozano/.m2/repository/io/quarkus/quarkus-resteasy/0.16.1/quarkus-resteasy-0.16.1.jar:/Users/israellozano/.m2/repository/io/quarkus/quarkus-undertow/0.16.1/quarkus-undertow-0.16.1.jar:/Users/israellozano/.m2/repository/io/undertow/undertow-servlet/2.0.19.Final/undertow-servlet-2.0.19.Final.jar:/Users/israellozano/.m2/repository/io/undertow/undertow-core/2.0.19.Final/undertow-core-2.0.19.Final.jar:/Users/israellozano/.m2/repository/org/jboss/spec/javax/servlet/jboss-servlet-api_4.0_spec/1.0.0.Final/jboss-servlet-api_4.0_spec-1.0.0.Final.jar:/Users/israellozano/.m2/repository/org/jboss/xnio/xnio-nio/3.7.1.Final/xnio-nio-3.7.1.Final.jar:/Users/israellozano/.m2/repository/org/jboss/xnio/xnio-api/3.7.1.Final/xnio-api-3.7.1.Final.jar:/Users/israellozano/.m2/repository/io/quarkus/quarkus-resteasy-server-common/0.16.1/quarkus-resteasy-server-common-0.16.1.jar:/Users/israellozano/.m2/repository/io/quarkus/quarkus-resteasy-common/0.16.1/quarkus-resteasy-common-0.16.1.jar:/Users/israellozano/.m2/repository/org/jboss/resteasy/resteasy-core/4.0.0.Final/resteasy-core-4.0.0.Final.jar:/Users/israellozano/.m2/repository/org/jboss/spec/javax/ws/rs/jboss-jaxrs-api_2.1_spec/1.0.2.Final/jboss-jaxrs-api_2.1_spec-1.0.2.Final.jar:/Users/israellozano/.m2/repository/org/jboss/spec/javax/xml/bind/jboss-jaxb-api_2.3_spec/1.0.1.Final/jboss-jaxb-api_2.3_spec-1.0.1.Final.jar:/Users/israellozano/.m2/repository/org/jboss/resteasy/resteasy-core-spi/4.0.0.Final/resteasy-core-spi-4.0.0.Final.jar:/Users/israellozano/.m2/repository/org/reactivestreams/reactive-streams/1.0.2/reactive-streams-1.0.2.jar:/Users/israellozano/.m2/repository/org/jboss/resteasy/resteasy-context-propagation/4.0.0.Final/resteasy-context-propagation-4.0.0.Final.jar:/Users/israellozano/.m2/repository/io/smallrye/smallrye-context-propagation/1.0.7/smallrye-context-propagation-1.0.7.jar:/Users/israellozano/.m2/repository/io/smallrye/smallrye-context-propagation-api/1.0.7/smallrye-context-propagation-api-1.0.7.jar:/Users/israellozano/.m2/repository/com/sun/activation/jakarta.activation/1.2.1/jakarta.activation-1.2.1.jar:/Users/israellozano/.m2/repository/javax/validation/validation-api/2.0.1.Final/validation-api-2.0.1.Final.jar:/Users/israellozano/.m2/repository/io/quarkus/quarkus-jaxb/0.16.1/quarkus-jaxb-0.16.1.jar:/Users/israellozano/.m2/repository/io/quarkus/quarkus-junit5/0.16.1/quarkus-junit5-0.16.1.jar:/Users/israellozano/.m2/repository/io/quarkus/quarkus-bootstrap-core/0.16.1/quarkus-bootstrap-core-0.16.1.jar:/Users/israellozano/.m2/repository/org/apache/maven/maven-embedder/3.5.4/maven-embedder-3.5.4.jar:/Users/israellozano/.m2/repository/org/apache/maven/maven-settings/3.5.4/maven-settings-3.5.4.jar:/Users/israellozano/.m2/repository/org/apache/maven/maven-core/3.5.4/maven-core-3.5.4.jar:/Users/israellozano/.m2/repository/org/apache/maven/maven-artifact/3.5.4/maven-artifact-3.5.4.jar:/Users/israellozano/.m2/repository/org/eclipse/sisu/org.eclipse.sisu.inject/0.3.3/org.eclipse.sisu.inject-0.3.3.jar:/Users/israellozano/.m2/repository/org/apache/maven/maven-plugin-api/3.5.4/maven-plugin-api-3.5.4.jar:/Users/israellozano/.m2/repository/org/apache/maven/maven-model/3.5.4/maven-model-3.5.4.jar:/Users/israellozano/.m2/repository/org/apache/maven/maven-model-builder/3.5.4/maven-model-builder-3.5.4.jar:/Users/israellozano/.m2/repository/org/apache/maven/maven-builder-support/3.5.4/maven-builder-support-3.5.4.jar:/Users/israellozano/.m2/repository/org/apache/maven/resolver/maven-resolver-api/1.1.1/maven-resolver-api-1.1.1.jar:/Users/israellozano/.m2/repository/org/apache/maven/resolver/maven-resolver-util/1.1.1/maven-resolver-util-1.1.1.jar:/Users/israellozano/.m2/repository/org/apache/maven/shared/maven-shared-utils/3.2.1/maven-shared-utils-3.2.1.jar:/Users/israellozano/.m2/repository/com/google/inject/guice/4.2.0/guice-4.2.0-no_aop.jar:/Users/israellozano/.m2/repository/aopalliance/aopalliance/1.0/aopalliance-1.0.jar:/Users/israellozano/.m2/repository/com/google/guava/guava/27.0.1-jre/guava-27.0.1-jre.jar:/Users/israellozano/.m2/repository/com/google/guava/failureaccess/1.0.1/failureaccess-1.0.1.jar:/Users/israellozano/.m2/repository/com/google/guava/listenablefuture/9999.0-empty-to-avoid-conflict-with-guava/listenablefuture-9999.0-empty-to-avoid-conflict-with-guava.jar:/Users/israellozano/.m2/repository/com/google/code/findbugs/jsr305/3.0.2/jsr305-3.0.2.jar:/Users/israellozano/.m2/repository/org/checkerframework/checker-qual/2.5.2/checker-qual-2.5.2.jar:/Users/israellozano/.m2/repository/com/google/errorprone/error_prone_annotations/2.2.0/error_prone_annotations-2.2.0.jar:/Users/israellozano/.m2/repository/com/google/j2objc/j2objc-annotations/1.1/j2objc-annotations-1.1.jar:/Users/israellozano/.m2/repository/org/codehaus/mojo/animal-sniffer-annotations/1.17/animal-sniffer-annotations-1.17.jar:/Users/israellozano/.m2/repository/javax/annotation/jsr250-api/1.0/jsr250-api-1.0.jar:/Users/israellozano/.m2/repository/org/codehaus/plexus/plexus-utils/3.0.24/plexus-utils-3.0.24.jar:/Users/israellozano/.m2/repository/org/codehaus/plexus/plexus-classworlds/2.5.2/plexus-classworlds-2.5.2.jar:/Users/israellozano/.m2/repository/org/eclipse/sisu/org.eclipse.sisu.plexus/0.3.3/org.eclipse.sisu.plexus-0.3.3.jar:/Users/israellozano/.m2/repository/org/codehaus/plexus/plexus-component-annotations/1.7.1/plexus-component-annotations-1.7.1.jar:/Users/israellozano/.m2/repository/commons-cli/commons-cli/1.4/commons-cli-1.4.jar:/Users/israellozano/.m2/repository/org/apache/maven/maven-settings-builder/3.5.4/maven-settings-builder-3.5.4.jar:/Users/israellozano/.m2/repository/org/codehaus/plexus/plexus-interpolation/1.24/plexus-interpolation-1.24.jar:/Users/israellozano/.m2/repository/org/sonatype/plexus/plexus-sec-dispatcher/1.4/plexus-sec-dispatcher-1.4.jar:/Users/israellozano/.m2/repository/org/sonatype/plexus/plexus-cipher/1.4/plexus-cipher-1.4.jar:/Users/israellozano/.m2/repository/org/apache/maven/maven-resolver-provider/3.5.4/maven-resolver-provider-3.5.4.jar:/Users/israellozano/.m2/repository/org/apache/maven/maven-repository-metadata/3.5.4/maven-repository-metadata-3.5.4.jar:/Users/israellozano/.m2/repository/org/apache/maven/resolver/maven-resolver-spi/1.1.1/maven-resolver-spi-1.1.1.jar:/Users/israellozano/.m2/repository/org/apache/maven/resolver/maven-resolver-impl/1.1.1/maven-resolver-impl-1.1.1.jar:/Users/israellozano/.m2/repository/org/apache/maven/resolver/maven-resolver-connector-basic/1.1.1/maven-resolver-connector-basic-1.1.1.jar:/Users/israellozano/.m2/repository/org/apache/maven/resolver/maven-resolver-transport-file/1.1.1/maven-resolver-transport-file-1.1.1.jar:/Users/israellozano/.m2/repository/org/apache/maven/resolver/maven-resolver-transport-http/1.1.1/maven-resolver-transport-http-1.1.1.jar:/Users/israellozano/.m2/repository/org/slf4j/jcl-over-slf4j/1.7.25/jcl-over-slf4j-1.7.25.jar:/Users/israellozano/.m2/repository/org/jboss/logging/jboss-logging/3.3.2.Final/jboss-logging-3.3.2.Final.jar:/Users/israellozano/.m2/repository/io/quarkus/quarkus-test-common/0.16.1/quarkus-test-common-0.16.1.jar:/Users/israellozano/.m2/repository/io/quarkus/quarkus-core-deployment/0.16.1/quarkus-core-deployment-0.16.1.jar:/Users/israellozano/.m2/repository/commons-beanutils/commons-beanutils/1.9.3/commons-beanutils-1.9.3.jar:/Users/israellozano/.m2/repository/commons-collections/commons-collections/3.2.2/commons-collections-3.2.2.jar:/Users/israellozano/.m2/repository/org/jboss/invocation/jboss-invocation/1.5.2.Final/jboss-invocation-1.5.2.Final.jar:/Users/israellozano/.m2/repository/org/jboss/classfilewriter/jboss-classfilewriter/1.2.4.Final/jboss-classfilewriter-1.2.4.Final.jar:/Users/israellozano/.m2/repository/io/quarkus/gizmo/gizmo/1.0.0.Alpha4/gizmo-1.0.0.Alpha4.jar:/Users/israellozano/.m2/repository/org/ow2/asm/asm-util/7.1/asm-util-7.1.jar:/Users/israellozano/.m2/repository/org/ow2/asm/asm-tree/7.1/asm-tree-7.1.jar:/Users/israellozano/.m2/repository/org/ow2/asm/asm-analysis/7.1/asm-analysis-7.1.jar:/Users/israellozano/.m2/repository/org/ow2/asm/asm/7.1/asm-7.1.jar:/Users/israellozano/.m2/repository/io/quarkus/quarkus-builder/0.16.1/quarkus-builder-0.16.1.jar:/Users/israellozano/.m2/repository/io/quarkus/quarkus-jsonp-deployment/0.16.1/quarkus-jsonp-deployment-0.16.1.jar:/Users/israellozano/.m2/repository/org/jboss/jandex/2.1.1.Final/jandex-2.1.1.Final.jar:/Users/israellozano/.m2/repository/org/junit/jupiter/junit-jupiter-api/5.4.2/junit-jupiter-api-5.4.2.jar:/Users/israellozano/.m2/repository/org/apiguardian/apiguardian-api/1.0.0/apiguardian-api-1.0.0.jar:/Users/israellozano/.m2/repository/org/opentest4j/opentest4j/1.1.1/opentest4j-1.1.1.jar:/Users/israellozano/.m2/repository/org/junit/platform/junit-platform-commons/1.4.2/junit-platform-commons-1.4.2.jar:/Users/israellozano/.m2/repository/org/junit/jupiter/junit-jupiter-params/5.4.2/junit-jupiter-params-5.4.2.jar:/Users/israellozano/.m2/repository/org/junit/jupiter/junit-jupiter-engine/5.4.2/junit-jupiter-engine-5.4.2.jar:/Users/israellozano/.m2/repository/org/junit/platform/junit-platform-engine/1.4.2/junit-platform-engine-1.4.2.jar:/Users/israellozano/.m2/repository/io/quarkus/quarkus-core/0.16.1/quarkus-core-0.16.1.jar:/Users/israellozano/.m2/repository/javax/inject/javax.inject/1/javax.inject-1.jar:/Users/israellozano/.m2/repository/javax/annotation/javax.annotation-api/1.3.2/javax.annotation-api-1.3.2.jar:/Users/israellozano/.m2/repository/io/smallrye/smallrye-config/1.3.5/smallrye-config-1.3.5.jar:/Users/israellozano/.m2/repository/org/eclipse/microprofile/config/microprofile-config-api/1.3/microprofile-config-api-1.3.jar:/Users/israellozano/.m2/repository/org/osgi/org.osgi.annotation.versioning/1.0.0/org.osgi.annotation.versioning-1.0.0.jar:/Users/israellozano/.m2/repository/javax/enterprise/cdi-api/2.0.SP1/cdi-api-2.0.SP1.jar:/Users/israellozano/.m2/repository/javax/el/javax.el-api/3.0.0/javax.el-api-3.0.0.jar:/Users/israellozano/.m2/repository/javax/interceptor/javax.interceptor-api/1.2/javax.interceptor-api-1.2.jar:/Users/israellozano/.m2/repository/org/jboss/logmanager/jboss-logmanager-embedded/1.0.3/jboss-logmanager-embedded-1.0.3.jar:/Users/israellozano/.m2/repository/org/jboss/logging/jboss-logging-annotations/2.1.0.Final/jboss-logging-annotations-2.1.0.Final.jar:/Users/israellozano/.m2/repository/org/jboss/threads/jboss-threads/3.0.0.Beta4/jboss-threads-3.0.0.Beta4.jar:/Users/israellozano/.m2/repository/org/slf4j/slf4j-api/1.7.25/slf4j-api-1.7.25.jar:/Users/israellozano/.m2/repository/org/jboss/slf4j/slf4j-jboss-logging/1.1.0.Final/slf4j-jboss-logging-1.1.0.Final.jar:/Users/israellozano/.m2/repository/org/graalvm/sdk/graal-sdk/1.0.0-rc16/graal-sdk-1.0.0-rc16.jar:/Users/israellozano/.m2/repository/org/wildfly/common/wildfly-common/1.5.0.Final-format-001/wildfly-common-1.5.0.Final-format-001.jar:/Users/israellozano/.m2/repository/org/wildfly/security/wildfly-elytron-ssl/2.0.0.Alpha4/wildfly-elytron-ssl-2.0.0.Alpha4.jar:/Users/israellozano/.m2/repository/org/wildfly/security/wildfly-elytron-auth-server/2.0.0.Alpha4/wildfly-elytron-auth-server-2.0.0.Alpha4.jar:/Users/israellozano/.m2/repository/org/wildfly/security/wildfly-elytron-permission/2.0.0.Alpha4/wildfly-elytron-permission-2.0.0.Alpha4.jar:/Users/israellozano/.m2/repository/org/wildfly/security/wildfly-elytron-base/2.0.0.Alpha4/wildfly-elytron-base-2.0.0.Alpha4.jar:/Users/israellozano/.m2/repository/org/wildfly/security/wildfly-elytron-credential/2.0.0.Alpha4/wildfly-elytron-credential-2.0.0.Alpha4.jar:/Users/israellozano/.m2/repository/org/wildfly/security/wildfly-elytron-keystore/2.0.0.Alpha4/wildfly-elytron-keystore-2.0.0.Alpha4.jar:/Users/israellozano/.m2/repository/org/wildfly/security/wildfly-elytron-provider-util/2.0.0.Alpha4/wildfly-elytron-provider-util-2.0.0.Alpha4.jar:/Users/israellozano/.m2/repository/org/wildfly/security/wildfly-elytron-auth/2.0.0.Alpha4/wildfly-elytron-auth-2.0.0.Alpha4.jar:/Users/israellozano/.m2/repository/org/wildfly/security/wildfly-elytron-util/2.0.0.Alpha4/wildfly-elytron-util-2.0.0.Alpha4.jar:/Users/israellozano/.m2/repository/org/wildfly/security/wildfly-elytron-x500/2.0.0.Alpha4/wildfly-elytron-x500-2.0.0.Alpha4.jar:/Users/israellozano/.m2/repository/org/wildfly/security/wildfly-elytron-x500-cert/2.0.0.Alpha4/wildfly-elytron-x500-cert-2.0.0.Alpha4.jar:/Users/israellozano/.m2/repository/org/wildfly/security/wildfly-elytron-asn1/2.0.0.Alpha4/wildfly-elytron-asn1-2.0.0.Alpha4.jar:/Users/israellozano/.m2/repository/org/wildfly/security/wildfly-elytron-x500-cert-util/2.0.0.Alpha4/wildfly-elytron-x500-cert-util-2.0.0.Alpha4.jar:/Users/israellozano/.m2/repository/io/rest-assured/rest-assured/3.3.0/rest-assured-3.3.0.jar:/Users/israellozano/.m2/repository/org/codehaus/groovy/groovy/2.4.15/groovy-2.4.15.jar:/Users/israellozano/.m2/repository/org/codehaus/groovy/groovy-xml/2.4.15/groovy-xml-2.4.15.jar:/Users/israellozano/.m2/repository/org/apache/httpcomponents/httpclient/4.5.7/httpclient-4.5.7.jar:/Users/israellozano/.m2/repository/org/apache/httpcomponents/httpcore/4.4.11/httpcore-4.4.11.jar:/Users/israellozano/.m2/repository/commons-logging/commons-logging/1.2/commons-logging-1.2.jar:/Users/israellozano/.m2/repository/commons-codec/commons-codec/1.11/commons-codec-1.11.jar:/Users/israellozano/.m2/repository/org/apache/httpcomponents/httpmime/4.5.3/httpmime-4.5.3.jar:/Users/israellozano/.m2/repository/org/hamcrest/hamcrest-core/1.3/hamcrest-core-1.3.jar:/Users/israellozano/.m2/repository/org/hamcrest/hamcrest-library/1.3/hamcrest-library-1.3.jar:/Users/israellozano/.m2/repository/org/ccil/cowan/tagsoup/tagsoup/1.2.1/tagsoup-1.2.1.jar:/Users/israellozano/.m2/repository/io/rest-assured/json-path/3.3.0/json-path-3.3.0.jar:/Users/israellozano/.m2/repository/org/codehaus/groovy/groovy-json/2.4.15/groovy-json-2.4.15.jar:/Users/israellozano/.m2/repository/io/rest-assured/rest-assured-common/3.3.0/rest-assured-common-3.3.0.jar:/Users/israellozano/.m2/repository/io/rest-assured/xml-path/3.3.0/xml-path-3.3.0.jar:/Users/israellozano/.m2/repository/org/apache/commons/commons-lang3/3.8.1/commons-lang3-3.8.1.jar:/Users/israellozano/.m2/repository/javax/xml/bind/jaxb-api/2.3.1/jaxb-api-2.3.1.jar:/Users/israellozano/.m2/repository/org/apache/sling/org.apache.sling.javax.activation/0.1.0/org.apache.sling.javax.activation-0.1.0.jar:/Users/israellozano/.m2/repository/io/quarkus/quarkus-resteasy-jsonb/0.16.1/quarkus-resteasy-jsonb-0.16.1.jar:/Users/israellozano/.m2/repository/io/quarkus/quarkus-jsonb/0.16.1/quarkus-jsonb-0.16.1.jar:/Users/israellozano/.m2/repository/org/eclipse/yasson/1.0.3/yasson-1.0.3.jar:/Users/israellozano/.m2/repository/javax/json/bind/javax.json.bind-api/1.0/javax.json.bind-api-1.0.jar:/Users/israellozano/.m2/repository/io/quarkus/quarkus-jsonp/0.16.1/quarkus-jsonp-0.16.1.jar:/Users/israellozano/.m2/repository/org/jboss/resteasy/resteasy-json-binding-provider/4.0.0.Final/resteasy-json-binding-provider-4.0.0.Final.jar:/Users/israellozano/.m2/repository/org/glassfish/javax.json/1.1.4/javax.json-1.1.4.jar:/Users/israellozano/.m2/repository/org/jboss/resteasy/resteasy-json-p-provider/4.0.0.Final/resteasy-json-p-provider-4.0.0.Final.jar:/Users/israellozano/.m2/repository/commons-io/commons-io/2.5/commons-io-2.5.jar:/Users/israellozano/.m2/repository/io/quarkus/quarkus-hibernate-orm-panache/0.16.1/quarkus-hibernate-orm-panache-0.16.1.jar:/Users/israellozano/.m2/repository/io/quarkus/quarkus-hibernate-orm/0.16.1/quarkus-hibernate-orm-0.16.1.jar:/Users/israellozano/.m2/repository/io/quarkus/quarkus-agroal/0.16.1/quarkus-agroal-0.16.1.jar:/Users/israellozano/.m2/repository/org/jboss/narayana/jta/narayana-jta/5.9.3.Final/narayana-jta-5.9.3.Final.jar:/Users/israellozano/.m2/repository/org/jboss/jboss-transaction-spi/7.6.0.Final/jboss-transaction-spi-7.6.0.Final.jar:/Users/israellozano/.m2/repository/org/jboss/spec/javax/resource/jboss-connector-api_1.7_spec/1.0.0.Final/jboss-connector-api_1.7_spec-1.0.0.Final.jar:/Users/israellozano/.m2/repository/org/jboss/narayana/jts/narayana-jts-integration/5.9.3.Final/narayana-jts-integration-5.9.3.Final.jar:/Users/israellozano/.m2/repository/org/jboss/spec/javax/transaction/jboss-transaction-api_1.2_spec/1.1.1.Final/jboss-transaction-api_1.2_spec-1.1.1.Final.jar:/Users/israellozano/.m2/repository/io/agroal/agroal-api/1.5/agroal-api-1.5.jar:/Users/israellozano/.m2/repository/io/agroal/agroal-narayana/1.5/agroal-narayana-1.5.jar:/Users/israellozano/.m2/repository/io/agroal/agroal-pool/1.5/agroal-pool-1.5.jar:/Users/israellozano/.m2/repository/io/quarkus/quarkus-narayana-jta/0.16.1/quarkus-narayana-jta-0.16.1.jar:/Users/israellozano/.m2/repository/io/smallrye/reactive/smallrye-reactive-streams-operators/1.0.4/smallrye-reactive-streams-operators-1.0.4.jar:/Users/israellozano/.m2/repository/org/eclipse/microprofile/reactive-streams-operators/microprofile-reactive-streams-operators-api/1.0/microprofile-reactive-streams-operators-api-1.0.jar:/Users/israellozano/.m2/repository/org/eclipse/microprofile/reactive-streams-operators/microprofile-reactive-streams-operators-core/1.0/microprofile-reactive-streams-operators-core-1.0.jar:/Users/israellozano/.m2/repository/io/reactivex/rxjava2/rxjava/2.2.8/rxjava-2.2.8.jar:/Users/israellozano/.m2/repository/io/smallrye/smallrye-context-propagation-jta/1.0.7/smallrye-context-propagation-jta-1.0.7.jar:/Users/israellozano/.m2/repository/javax/transaction/javax.transaction-api/1.2/javax.transaction-api-1.2.jar:/Users/israellozano/.m2/repository/io/smallrye/reactive/smallrye-reactive-converter-api/1.0.4/smallrye-reactive-converter-api-1.0.4.jar:/Users/israellozano/.m2/repository/org/hibernate/hibernate-core/5.4.3.Final/hibernate-core-5.4.3.Final.jar:/Users/israellozano/.m2/repository/javax/persistence/javax.persistence-api/2.2/javax.persistence-api-2.2.jar:/Users/israellozano/.m2/repository/net/bytebuddy/byte-buddy/1.9.10/byte-buddy-1.9.10.jar:/Users/israellozano/.m2/repository/antlr/antlr/2.7.7/antlr-2.7.7.jar:/Users/israellozano/.m2/repository/com/fasterxml/classmate/1.3.4/classmate-1.3.4.jar:/Users/israellozano/.m2/repository/org/dom4j/dom4j/2.1.1/dom4j-2.1.1.jar:/Users/israellozano/.m2/repository/org/hibernate/common/hibernate-commons-annotations/5.1.0.Final/hibernate-commons-annotations-5.1.0.Final.jar:/Users/israellozano/.m2/repository/org/hibernate/quarkus-local-cache/0.1.0/quarkus-local-cache-0.1.0.jar:/Users/israellozano/.m2/repository/com/github/ben-manes/caffeine/caffeine/2.6.2/caffeine-2.6.2.jar:/Users/israellozano/.m2/repository/io/quarkus/quarkus-caffeine/0.16.1/quarkus-caffeine-0.16.1.jar:/Users/israellozano/.m2/repository/io/quarkus/quarkus-arc/0.16.1/quarkus-arc-0.16.1.jar:/Users/israellozano/.m2/repository/io/quarkus/arc/arc/0.16.1/arc-0.16.1.jar:/Users/israellozano/.m2/repository/org/eclipse/microprofile/context-propagation/microprofile-context-propagation-api/1.0-RC1/microprofile-context-propagation-api-1.0-RC1.jar:/Users/israellozano/.m2/repository/io/quarkus/quarkus-panache-common/0.16.1/quarkus-panache-common-0.16.1.jar:/Users/israellozano/.m2/repository/io/quarkus/quarkus-jdbc-postgresql/0.16.1/quarkus-jdbc-postgresql-0.16.1.jar:/Users/israellozano/.m2/repository/org/postgresql/postgresql/42.2.5/postgresql-42.2.5.jar:"/>
    <property name="sun.cpu.endian" value="little"/>
    <property name="user.home" value="/Users/israellozano"/>
    <property name="user.language" value="es"/>
    <property name="java.specification.vendor" value="Oracle Corporation"/>
    <property name="java.home" value="/Library/Java/JavaVirtualMachines/graalvm-ce-19.0.0/Contents/Home/jre"/>
    <property name="basedir" value="/Users/israellozano/eclipse-workspace/serp-app"/>
    <property name="file.separator" value="/"/>
    <property name="line.separator" value="&#10;"/>
    <property name="java.vm.specification.vendor" value="Oracle Corporation"/>
    <property name="java.specification.name" value="Java Platform API Specification"/>
    <property name="java.awt.graphicsenv" value="sun.awt.CGraphicsEnvironment"/>
    <property name="surefire.real.class.path" value="/Users/israellozano/eclipse-workspace/serp-app/target/surefire/surefirebooter2618512714165607394.jar"/>
    <property name="sun.boot.class.path" value="/Library/Java/JavaVirtualMachines/graalvm-ce-19.0.0/Contents/Home/jre/lib/resources.jar:/Library/Java/JavaVirtualMachines/graalvm-ce-19.0.0/Contents/Home/jre/lib/rt.jar:/Library/Java/JavaVirtualMachines/graalvm-ce-19.0.0/Contents/Home/jre/lib/sunrsasign.jar:/Library/Java/JavaVirtualMachines/graalvm-ce-19.0.0/Contents/Home/jre/lib/jsse.jar:/Library/Java/JavaVirtualMachines/graalvm-ce-19.0.0/Contents/Home/jre/lib/jce.jar:/Library/Java/JavaVirtualMachines/graalvm-ce-19.0.0/Contents/Home/jre/lib/charsets.jar:/Library/Java/JavaVirtualMachines/graalvm-ce-19.0.0/Contents/Home/jre/lib/jfr.jar:/Library/Java/JavaVirtualMachines/graalvm-ce-19.0.0/Contents/Home/jre/lib/jvmci-services.jar:/Library/Java/JavaVirtualMachines/graalvm-ce-19.0.0/Contents/Home/jre/classes:/Library/Java/JavaVirtualMachines/graalvm-ce-19.0.0/Contents/Home/jre/lib/boot/graaljs-scriptengine.jar:/Library/Java/JavaVirtualMachines/graalvm-ce-19.0.0/Contents/Home/jre/lib/boot/graal-sdk.src.zip:/Library/Java/JavaVirtualMachines/graalvm-ce-19.0.0/Contents/Home/jre/lib/boot/graal-sdk.jar"/>
    <property name="sun.management.compiler" value="HotSpot 64-Bit Tiered Compilers"/>
    <property name="ftp.nonProxyHosts" value="local|*.local|169.254/16|*.169.254/16"/>
    <property name="java.runtime.version" value="1.8.0_212-20190420112649.buildslave.jdk8u-src-tar--b03"/>
    <property name="user.name" value="israellozano"/>
    <property name="path.separator" value=":"/>
    <property name="os.version" value="10.14.5"/>
    <property name="java.endorsed.dirs" value="/Library/Java/JavaVirtualMachines/graalvm-ce-19.0.0/Contents/Home/jre/lib/endorsed"/>
    <property name="java.runtime.name" value="OpenJDK Runtime Environment"/>
    <property name="file.encoding" value="US-ASCII"/>
    <property name="java.vm.name" value="OpenJDK GraalVM CE 19.0.0"/>
    <property name="jvmci.Compiler" value="graal"/>
    <property name="localRepository" value="/Users/israellozano/.m2/repository"/>
    <property name="java.vendor.url.bug" value="http://bugreport.sun.com/bugreport/"/>
    <property name="java.io.tmpdir" value="/var/folders/vp/lkzkt6s53kqg9gklpj8rz3m80000gn/T/"/>
    <property name="java.version" value="1.8.0_212"/>
    <property name="user.dir" value="/Users/israellozano/eclipse-workspace/serp-app"/>
    <property name="os.arch" value="x86_64"/>
    <property name="java.vm.specification.name" value="Java Virtual Machine Specification"/>
    <property name="java.awt.printerjob" value="sun.lwawt.macosx.CPrinterJob"/>
    <property name="sun.os.patch.level" value="unknown"/>
    <property name="java.util.logging.manager" value="org.jboss.logmanager.LogManager"/>
    <property name="java.library.path" value="/Users/israellozano/Library/Java/Extensions:/Library/Java/Extensions:/Network/Library/Java/Extensions:/System/Library/Java/Extensions:/usr/lib/java:."/>
    <property name="java.vm.info" value="mixed mode"/>
    <property name="java.vendor" value="Oracle Corporation"/>
    <property name="java.vm.version" value="25.212-b03-jvmci-19-b01"/>
    <property name="java.ext.dirs" value="/Users/israellozano/Library/Java/Extensions:/Library/Java/JavaVirtualMachines/graalvm-ce-19.0.0/Contents/Home/jre/lib/ext:/Library/Java/Extensions:/Network/Library/Java/Extensions:/System/Library/Java/Extensions:/usr/lib/java"/>
    <property name="sun.io.unicode.encoding" value="UnicodeBig"/>
    <property name="java.class.version" value="52.0"/>
    <property name="socksNonProxyHosts" value="local|*.local|169.254/16|*.169.254/16"/>
  </properties>
  <testcase name="testHelloEndpoint" classname="com.succedant.rest.json.customerResourcesTest" time="0.026">
    <error message="TestInstanceFactory [io.quarkus.test.junit.QuarkusTestExtension] failed to instantiate test class [com.succedant.rest.json.customerResourcesTest]: Failed to start quarkus" type="org.junit.jupiter.api.extension.TestInstantiationException">org.junit.jupiter.api.extension.TestInstantiationException: TestInstanceFactory [io.quarkus.test.junit.QuarkusTestExtension] failed to instantiate test class [com.succedant.rest.json.customerResourcesTest]: Failed to start quarkus
Caused by: java.lang.RuntimeException: Failed to start quarkus
Caused by: javax.persistence.PersistenceException: [PersistenceUnit: default] Unable to build Hibernate SessionFactory
Caused by: org.hibernate.exception.JDBCConnectionException: Unable to open JDBC Connection for DDL execution
Caused by: org.postgresql.util.PSQLException: Connection to localhost:5432 refused. Check that the hostname and port are correct and that the postmaster is accepting TCP/IP connections.
Caused by: java.net.ConnectException: Connection refused (Connection refused)
</error>
    <system-out><![CDATA[2019-06-13 12:04:50,654 INFO  [io.qua.dep.QuarkusAugmentor] (main) Beginning quarkus augmentation
2019-06-13 12:04:56,958 INFO  [io.qua.dep.QuarkusAugmentor] (main) Quarkus augmentation completed in 6304ms
2019-06-13 12:05:07,841 WARN  [org.hib.eng.jdb.spi.SqlExceptionHelper] (main) SQL Error: 0, SQLState: 08001
2019-06-13 12:05:07,842 ERROR [org.hib.eng.jdb.spi.SqlExceptionHelper] (main) Connection to localhost:5432 refused. Check that the hostname and port are correct and that the postmaster is accepting TCP/IP connections.
]]></system-out>
    <system-err><![CDATA[javax.persistence.PersistenceException: [PersistenceUnit: default] Unable to build Hibernate SessionFactory
	at io.quarkus.hibernate.orm.runtime.boot.FastBootEntityManagerFactoryBuilder.persistenceException(FastBootEntityManagerFactoryBuilder.java:122)
	at io.quarkus.hibernate.orm.runtime.boot.FastBootEntityManagerFactoryBuilder.build(FastBootEntityManagerFactoryBuilder.java:82)
	at io.quarkus.hibernate.orm.runtime.FastBootHibernatePersistenceProvider.createEntityManagerFactory(FastBootHibernatePersistenceProvider.java:70)
	at javax.persistence.Persistence.createEntityManagerFactory(Persistence.java:79)
	at javax.persistence.Persistence.createEntityManagerFactory(Persistence.java:54)
	at io.quarkus.hibernate.orm.runtime.JPAConfig$LazyPersistenceUnit.get(JPAConfig.java:125)
	at io.quarkus.hibernate.orm.runtime.JPAConfig.startAll(JPAConfig.java:73)
	at io.quarkus.hibernate.orm.runtime.HibernateOrmTemplate.startAllPersistenceUnits(HibernateOrmTemplate.java:93)
	at io.quarkus.deployment.steps.HibernateOrmProcessor$startPersistenceUnits16.deploy_0(Unknown Source)
	at io.quarkus.deployment.steps.HibernateOrmProcessor$startPersistenceUnits16.deploy(Unknown Source)
	at io.quarkus.runner.ApplicationImpl1.doStart(Unknown Source)
	at io.quarkus.runtime.Application.start(Application.java:100)
	at io.quarkus.runner.RuntimeRunner.run(RuntimeRunner.java:130)
	at io.quarkus.test.junit.QuarkusTestExtension.doJavaStart(QuarkusTestExtension.java:236)
	at io.quarkus.test.junit.QuarkusTestExtension.createTestInstance(QuarkusTestExtension.java:302)
	at org.junit.jupiter.engine.descriptor.ClassTestDescriptor.invokeTestInstanceFactory(ClassTestDescriptor.java:299)
	at org.junit.jupiter.engine.descriptor.ClassTestDescriptor.instantiateTestClass(ClassTestDescriptor.java:289)
	at org.junit.jupiter.engine.descriptor.ClassTestDescriptor.instantiateTestClass(ClassTestDescriptor.java:281)
	at org.junit.jupiter.engine.descriptor.ClassTestDescriptor.instantiateAndPostProcessTestInstance(ClassTestDescriptor.java:269)
	at org.junit.jupiter.engine.descriptor.ClassTestDescriptor.lambda$testInstancesProvider$2(ClassTestDescriptor.java:259)
	at org.junit.jupiter.engine.descriptor.ClassTestDescriptor.lambda$testInstancesProvider$3(ClassTestDescriptor.java:263)
	at java.util.Optional.orElseGet(Optional.java:267)
	at org.junit.jupiter.engine.descriptor.ClassTestDescriptor.lambda$testInstancesProvider$4(ClassTestDescriptor.java:262)
	at org.junit.jupiter.engine.descriptor.TestMethodTestDescriptor.lambda$prepare$0(TestMethodTestDescriptor.java:98)
	at org.junit.platform.engine.support.hierarchical.ThrowableCollector.execute(ThrowableCollector.java:73)
	at org.junit.jupiter.engine.descriptor.TestMethodTestDescriptor.prepare(TestMethodTestDescriptor.java:97)
	at org.junit.jupiter.engine.descriptor.TestMethodTestDescriptor.prepare(TestMethodTestDescriptor.java:68)
	at org.junit.platform.engine.support.hierarchical.NodeTestTask.lambda$prepare$1(NodeTestTask.java:107)
	at org.junit.platform.engine.support.hierarchical.ThrowableCollector.execute(ThrowableCollector.java:73)
	at org.junit.platform.engine.support.hierarchical.NodeTestTask.prepare(NodeTestTask.java:107)
	at org.junit.platform.engine.support.hierarchical.NodeTestTask.execute(NodeTestTask.java:75)
	at java.util.ArrayList.forEach(ArrayList.java:1257)
	at org.junit.platform.engine.support.hierarchical.SameThreadHierarchicalTestExecutorService.invokeAll(SameThreadHierarchicalTestExecutorService.java:38)
	at org.junit.platform.engine.support.hierarchical.NodeTestTask.lambda$executeRecursively$5(NodeTestTask.java:139)
	at org.junit.platform.engine.support.hierarchical.ThrowableCollector.execute(ThrowableCollector.java:73)
	at org.junit.platform.engine.support.hierarchical.NodeTestTask.lambda$executeRecursively$7(NodeTestTask.java:125)
	at org.junit.platform.engine.support.hierarchical.Node.around(Node.java:135)
	at org.junit.platform.engine.support.hierarchical.NodeTestTask.lambda$executeRecursively$8(NodeTestTask.java:123)
	at org.junit.platform.engine.support.hierarchical.ThrowableCollector.execute(ThrowableCollector.java:73)
	at org.junit.platform.engine.support.hierarchical.NodeTestTask.executeRecursively(NodeTestTask.java:122)
	at org.junit.platform.engine.support.hierarchical.NodeTestTask.execute(NodeTestTask.java:80)
	at java.util.ArrayList.forEach(ArrayList.java:1257)
	at org.junit.platform.engine.support.hierarchical.SameThreadHierarchicalTestExecutorService.invokeAll(SameThreadHierarchicalTestExecutorService.java:38)
	at org.junit.platform.engine.support.hierarchical.NodeTestTask.lambda$executeRecursively$5(NodeTestTask.java:139)
	at org.junit.platform.engine.support.hierarchical.ThrowableCollector.execute(ThrowableCollector.java:73)
	at org.junit.platform.engine.support.hierarchical.NodeTestTask.lambda$executeRecursively$7(NodeTestTask.java:125)
	at org.junit.platform.engine.support.hierarchical.Node.around(Node.java:135)
	at org.junit.platform.engine.support.hierarchical.NodeTestTask.lambda$executeRecursively$8(NodeTestTask.java:123)
	at org.junit.platform.engine.support.hierarchical.ThrowableCollector.execute(ThrowableCollector.java:73)
	at org.junit.platform.engine.support.hierarchical.NodeTestTask.executeRecursively(NodeTestTask.java:122)
	at org.junit.platform.engine.support.hierarchical.NodeTestTask.execute(NodeTestTask.java:80)
	at org.junit.platform.engine.support.hierarchical.SameThreadHierarchicalTestExecutorService.submit(SameThreadHierarchicalTestExecutorService.java:32)
	at org.junit.platform.engine.support.hierarchical.HierarchicalTestExecutor.execute(HierarchicalTestExecutor.java:57)
	at org.junit.platform.engine.support.hierarchical.HierarchicalTestEngine.execute(HierarchicalTestEngine.java:51)
	at org.junit.platform.launcher.core.DefaultLauncher.execute(DefaultLauncher.java:170)
	at org.junit.platform.launcher.core.DefaultLauncher.execute(DefaultLauncher.java:154)
	at org.junit.platform.launcher.core.DefaultLauncher.execute(DefaultLauncher.java:90)
	at org.apache.maven.surefire.junitplatform.JUnitPlatformProvider.invokeAllTests(JUnitPlatformProvider.java:142)
	at org.apache.maven.surefire.junitplatform.JUnitPlatformProvider.invoke(JUnitPlatformProvider.java:117)
	at org.apache.maven.surefire.booter.ForkedBooter.invokeProviderInSameClassLoader(ForkedBooter.java:383)
	at org.apache.maven.surefire.booter.ForkedBooter.runSuitesInProcess(ForkedBooter.java:344)
	at org.apache.maven.surefire.booter.ForkedBooter.execute(ForkedBooter.java:125)
	at org.apache.maven.surefire.booter.ForkedBooter.main(ForkedBooter.java:417)
Caused by: org.hibernate.exception.JDBCConnectionException: Unable to open JDBC Connection for DDL execution
	at org.hibernate.exception.internal.SQLStateConversionDelegate.convert(SQLStateConversionDelegate.java:115)
	at org.hibernate.exception.internal.StandardSQLExceptionConverter.convert(StandardSQLExceptionConverter.java:42)
	at org.hibernate.engine.jdbc.spi.SqlExceptionHelper.convert(SqlExceptionHelper.java:113)
	at org.hibernate.engine.jdbc.spi.SqlExceptionHelper.convert(SqlExceptionHelper.java:99)
	at org.hibernate.resource.transaction.backend.jta.internal.DdlTransactionIsolatorJtaImpl.<init>(DdlTransactionIsolatorJtaImpl.java:62)
	at org.hibernate.resource.transaction.backend.jta.internal.JtaTransactionCoordinatorBuilderImpl.buildDdlTransactionIsolator(JtaTransactionCoordinatorBuilderImpl.java:46)
	at org.hibernate.tool.schema.internal.HibernateSchemaManagementTool.getDdlTransactionIsolator(HibernateSchemaManagementTool.java:175)
	at org.hibernate.tool.schema.internal.AbstractSchemaMigrator.doMigration(AbstractSchemaMigrator.java:94)
	at org.hibernate.tool.schema.spi.SchemaManagementToolCoordinator.performDatabaseAction(SchemaManagementToolCoordinator.java:184)
	at org.hibernate.tool.schema.spi.SchemaManagementToolCoordinator.process(SchemaManagementToolCoordinator.java:73)
	at org.hibernate.internal.SessionFactoryImpl.<init>(SessionFactoryImpl.java:309)
	at org.hibernate.boot.internal.SessionFactoryBuilderImpl.build(SessionFactoryBuilderImpl.java:462)
	at io.quarkus.hibernate.orm.runtime.boot.FastBootEntityManagerFactoryBuilder.build(FastBootEntityManagerFactoryBuilder.java:80)
	... 61 more
Caused by: org.postgresql.util.PSQLException: Connection to localhost:5432 refused. Check that the hostname and port are correct and that the postmaster is accepting TCP/IP connections.
	at org.postgresql.core.v3.ConnectionFactoryImpl.openConnectionImpl(ConnectionFactoryImpl.java:280)
	at org.postgresql.core.ConnectionFactory.openConnection(ConnectionFactory.java:49)
	at org.postgresql.jdbc.PgConnection.<init>(PgConnection.java:195)
	at org.postgresql.Driver.makeConnection(Driver.java:454)
	at org.postgresql.Driver.connect(Driver.java:256)
	at io.agroal.pool.ConnectionFactory.createConnection(ConnectionFactory.java:200)
	at io.agroal.pool.ConnectionPool$CreateConnectionTask.call(ConnectionPool.java:357)
	at io.agroal.pool.ConnectionPool$CreateConnectionTask.call(ConnectionPool.java:346)
	at java.util.concurrent.FutureTask.run(FutureTask.java:266)
	at io.agroal.pool.util.PriorityScheduledExecutor.beforeExecute(PriorityScheduledExecutor.java:64)
	at java.util.concurrent.ThreadPoolExecutor.runWorker(ThreadPoolExecutor.java:1146)
	at java.util.concurrent.ThreadPoolExecutor$Worker.run(ThreadPoolExecutor.java:624)
	at java.lang.Thread.run(Thread.java:748)
Caused by: java.net.ConnectException: Connection refused (Connection refused)
	at java.net.PlainSocketImpl.socketConnect(Native Method)
	at java.net.AbstractPlainSocketImpl.doConnect(AbstractPlainSocketImpl.java:350)
	at java.net.AbstractPlainSocketImpl.connectToAddress(AbstractPlainSocketImpl.java:206)
	at java.net.AbstractPlainSocketImpl.connect(AbstractPlainSocketImpl.java:188)
	at java.net.SocksSocketImpl.connect(SocksSocketImpl.java:392)
	at java.net.Socket.connect(Socket.java:589)
	at org.postgresql.core.PGStream.<init>(PGStream.java:70)
	at org.postgresql.core.v3.ConnectionFactoryImpl.tryConnect(ConnectionFactoryImpl.java:91)
	at org.postgresql.core.v3.ConnectionFactoryImpl.openConnectionImpl(ConnectionFactoryImpl.java:192)
	... 12 more
]]></system-err>
  </testcase>
</testsuite>